# JRE version: OpenJDK Runtime Environment (11.0.9.1+1) (build 11.0.9.1+1-Ubuntu-0ubuntu1.20.04)
# Java VM: OpenJDK 64-Bit Server VM (11.0.9.1+1-Ubuntu-0ubuntu1.20.04, mixed mode, sharing, tiered, compressed oops, g1 gc, linux-amd64)
Heap:
 garbage-first heap   total 319488K, used 169938K [0x000000008c600000, 0x0000000100000000)
  region size 1024K, 121 young (123904K), 10 survivors (10240K)
 Metaspace       used 73376K, capacity 75166K, committed 75468K, reserved 1116160K
  class space    used 8981K, capacity 9644K, committed 9676K, reserved 1048576K
GC Heap History (20 events):
Event: 4,864 GC heap before
{Heap before GC invocations=8 (full 0):
 garbage-first heap   total 154624K, used 101199K [0x000000008c600000, 0x0000000100000000)
  region size 1024K, 90 young (92160K), 7 survivors (7168K)
 Metaspace       used 24845K, capacity 25522K, committed 25728K, reserved 1071104K
  class space    used 3064K, capacity 3350K, committed 3456K, reserved 1048576K
}
Event: 4,886 GC heap after
{Heap after GC invocations=9 (full 0):
 garbage-first heap   total 154624K, used 18076K [0x000000008c600000, 0x0000000100000000)
  region size 1024K, 9 young (9216K), 9 survivors (9216K)
 Metaspace       used 24845K, capacity 25522K, committed 25728K, reserved 1071104K
  class space    used 3064K, capacity 3350K, committed 3456K, reserved 1048576K
}
Event: 6,017 GC heap before
{Heap before GC invocations=10 (full 0):
 garbage-first heap   total 154624K, used 101020K [0x000000008c600000, 0x0000000100000000)
  region size 1024K, 90 young (92160K), 9 survivors (9216K)
 Metaspace       used 29600K, capacity 30497K, committed 30720K, reserved 1075200K
  class space    used 3651K, capacity 4005K, committed 4096K, reserved 1048576K
}
Event: 6,039 GC heap after
{Heap after GC invocations=11 (full 0):
 garbage-first heap   total 199680K, used 21309K [0x000000008c600000, 0x0000000100000000)
  region size 1024K, 10 young (10240K), 10 survivors (10240K)
 Metaspace       used 29600K, capacity 30497K, committed 30720K, reserved 1075200K
  class space    used 3651K, capacity 4005K, committed 4096K, reserved 1048576K
}
Event: 6,758 GC heap before
{Heap before GC invocations=11 (full 0):
 garbage-first heap   total 199680K, used 130877K [0x000000008c600000, 0x0000000100000000)
  region size 1024K, 117 young (119808K), 10 survivors (10240K)
 Metaspace       used 33632K, capacity 34658K, committed 34816K, reserved 1079296K
  class space    used 4132K, capacity 4536K, committed 4608K, reserved 1048576K
}
Event: 6,788 GC heap after
{Heap after GC invocations=12 (full 0):
 garbage-first heap   total 199680K, used 23063K [0x000000008c600000, 0x0000000100000000)
  region size 1024K, 8 young (8192K), 8 survivors (8192K)
 Metaspace       used 33632K, capacity 34658K, committed 34816K, reserved 1079296K
  class space    used 4132K, capacity 4536K, committed 4608K, reserved 1048576K
}
Event: 7,683 GC heap before
{Heap before GC invocations=12 (full 0):
 garbage-first heap   total 199680K, used 104983K [0x000000008c600000, 0x0000000100000000)
  region size 1024K, 89 young (91136K), 8 survivors (8192K)
 Metaspace       used 41625K, capacity 42664K, committed 42880K, reserved 1087488K
  class space    used 5333K, capacity 5754K, committed 5760K, reserved 1048576K
}
Event: 7,705 GC heap after
{Heap after GC invocations=13 (full 0):
 garbage-first heap   total 199680K, used 25018K [0x000000008c600000, 0x0000000100000000)
  region size 1024K, 10 young (10240K), 10 survivors (10240K)
 Metaspace       used 41625K, capacity 42664K, committed 42880K, reserved 1087488K
  class space    used 5333K, capacity 5754K, committed 5760K, reserved 1048576K
}
Event: 9,177 GC heap before
{Heap before GC invocations=14 (full 0):
 garbage-first heap   total 199680K, used 134586K [0x000000008c600000, 0x0000000100000000)
  region size 1024K, 117 young (119808K), 10 survivors (10240K)
 Metaspace       used 49835K, capacity 50948K, committed 51404K, reserved 1093632K
  class space    used 6333K, capacity 6772K, committed 6860K, reserved 1048576K
}
Event: 9,216 GC heap after
{Heap after GC invocations=15 (full 0):
 garbage-first heap   total 199680K, used 32256K [0x000000008c600000, 0x0000000100000000)
  region size 1024K, 15 young (15360K), 15 survivors (15360K)
 Metaspace       used 49835K, capacity 50948K, committed 51404K, reserved 1093632K
  class space    used 6333K, capacity 6772K, committed 6860K, reserved 1048576K
}
Event: 10,282 GC heap before
{Heap before GC invocations=16 (full 0):
 garbage-first heap   total 199680K, used 136704K [0x000000008c600000, 0x0000000100000000)
  region size 1024K, 117 young (119808K), 15 survivors (15360K)
 Metaspace       used 53962K, capacity 55138K, committed 55500K, reserved 1097728K
  class space    used 6901K, capacity 7345K, committed 7372K, reserved 1048576K
}
Event: 10,308 GC heap after
{Heap after GC invocations=17 (full 0):
 garbage-first heap   total 266240K, used 34504K [0x000000008c600000, 0x0000000100000000)
  region size 1024K, 10 young (10240K), 10 survivors (10240K)
 Metaspace       used 53962K, capacity 55138K, committed 55500K, reserved 1097728K
  class space    used 6901K, capacity 7345K, committed 7372K, reserved 1048576K
}
Event: 11,607 GC heap before
{Heap before GC invocations=17 (full 0):
 garbage-first heap   total 266240K, used 184008K [0x000000008c600000, 0x0000000100000000)
  region size 1024K, 156 young (159744K), 10 survivors (10240K)
 Metaspace       used 58942K, capacity 60303K, committed 60620K, reserved 1101824K
  class space    used 7529K, capacity 8078K, committed 8140K, reserved 1048576K
}
Event: 11,631 GC heap after
{Heap after GC invocations=18 (full 0):
 garbage-first heap   total 266240K, used 41500K [0x000000008c600000, 0x0000000100000000)
  region size 1024K, 17 young (17408K), 17 survivors (17408K)
 Metaspace       used 58942K, capacity 60303K, committed 60620K, reserved 1101824K
  class space    used 7529K, capacity 8078K, committed 8140K, reserved 1048576K
}
Event: 13,295 GC heap before
{Heap before GC invocations=18 (full 0):
 garbage-first heap   total 266240K, used 183836K [0x000000008c600000, 0x0000000100000000)
  region size 1024K, 156 young (159744K), 17 survivors (17408K)
 Metaspace       used 62299K, capacity 63834K, committed 64076K, reserved 1105920K
  class space    used 7826K, capacity 8401K, committed 8524K, reserved 1048576K
}
Event: 13,338 GC heap after
{Heap after GC invocations=19 (full 0):
 garbage-first heap   total 266240K, used 48095K [0x000000008c600000, 0x0000000100000000)
  region size 1024K, 16 young (16384K), 16 survivors (16384K)
 Metaspace       used 62299K, capacity 63834K, committed 64076K, reserved 1105920K
  class space    used 7826K, capacity 8401K, committed 8524K, reserved 1048576K
}
Event: 14,316 GC heap before
{Heap before GC invocations=19 (full 0):
 garbage-first heap   total 266240K, used 191455K [0x000000008c600000, 0x0000000100000000)
  region size 1024K, 156 young (159744K), 16 survivors (16384K)
 Metaspace       used 63422K, capacity 64919K, committed 65100K, reserved 1105920K
  class space    used 7881K, capacity 8444K, committed 8524K, reserved 1048576K
}
Event: 14,344 GC heap after
{Heap after GC invocations=20 (full 0):
 garbage-first heap   total 266240K, used 52091K [0x000000008c600000, 0x0000000100000000)
  region size 1024K, 11 young (11264K), 11 survivors (11264K)
 Metaspace       used 63422K, capacity 64919K, committed 65100K, reserved 1105920K
  class space    used 7881K, capacity 8444K, committed 8524K, reserved 1048576K
}
Event: 15,581 GC heap before
{Heap before GC invocations=20 (full 0):
 garbage-first heap   total 266240K, used 200571K [0x000000008c600000, 0x0000000100000000)
  region size 1024K, 156 young (159744K), 11 survivors (11264K)
 Metaspace       used 67211K, capacity 68874K, committed 69196K, reserved 1110016K
  class space    used 8314K, capacity 8933K, committed 9036K, reserved 1048576K
}
Event: 15,619 GC heap after
{Heap after GC invocations=21 (full 0):
 garbage-first heap   total 319488K, used 57298K [0x000000008c600000, 0x0000000100000000)
  region size 1024K, 10 young (10240K), 10 survivors (10240K)
 Metaspace       used 67211K, capacity 68874K, committed 69196K, reserved 1110016K
  class space    used 8314K, capacity 8933K, committed 9036K, reserved 1048576K
}

