# JRE version: OpenJDK Runtime Environment (11.0.9.1+1) (build 11.0.9.1+1-Ubuntu-0ubuntu1.20.04)
# Java VM: OpenJDK 64-Bit Server VM (11.0.9.1+1-Ubuntu-0ubuntu1.20.04, mixed mode, sharing, tiered, compressed oops, g1 gc, linux-amd64)
Heap:
 garbage-first heap   total 242688K, used 145571K [0x000000008c600000, 0x0000000100000000)
  region size 1024K, 98 young (100352K), 13 survivors (13312K)
 Metaspace       used 75542K, capacity 77390K, committed 77568K, reserved 1116160K
  class space    used 9193K, capacity 9864K, committed 9984K, reserved 1048576K
GC Heap History (20 events):
Event: 6,218 GC heap before
{Heap before GC invocations=10 (full 0):
 garbage-first heap   total 200704K, used 124376K [0x000000008c600000, 0x0000000100000000)
  region size 1024K, 110 young (112640K), 9 survivors (9216K)
 Metaspace       used 33248K, capacity 34249K, committed 34432K, reserved 1079296K
  class space    used 4073K, capacity 4438K, committed 4480K, reserved 1048576K
}
Event: 6,237 GC heap after
{Heap after GC invocations=11 (full 0):
 garbage-first heap   total 200704K, used 23259K [0x000000008c600000, 0x0000000100000000)
  region size 1024K, 8 young (8192K), 8 survivors (8192K)
 Metaspace       used 33248K, capacity 34249K, committed 34432K, reserved 1079296K
  class space    used 4073K, capacity 4438K, committed 4480K, reserved 1048576K
}
Event: 6,504 GC heap before
{Heap before GC invocations=11 (full 0):
 garbage-first heap   total 200704K, used 45787K [0x000000008c600000, 0x0000000100000000)
  region size 1024K, 31 young (31744K), 8 survivors (8192K)
 Metaspace       used 34622K, capacity 35630K, committed 35840K, reserved 1081344K
  class space    used 4239K, capacity 4663K, committed 4736K, reserved 1048576K
}
Event: 6,520 GC heap after
{Heap after GC invocations=12 (full 0):
 garbage-first heap   total 200704K, used 23465K [0x000000008c600000, 0x0000000100000000)
  region size 1024K, 8 young (8192K), 8 survivors (8192K)
 Metaspace       used 34622K, capacity 35630K, committed 35840K, reserved 1081344K
  class space    used 4239K, capacity 4663K, committed 4736K, reserved 1048576K
}
Event: 7,823 GC heap before
{Heap before GC invocations=13 (full 0):
 garbage-first heap   total 200704K, used 133033K [0x000000008c600000, 0x0000000100000000)
  region size 1024K, 115 young (117760K), 8 survivors (8192K)
 Metaspace       used 45975K, capacity 47045K, committed 47616K, reserved 1091584K
  class space    used 5880K, capacity 6309K, committed 6400K, reserved 1048576K
}
Event: 7,842 GC heap after
{Heap after GC invocations=14 (full 0):
 garbage-first heap   total 200704K, used 28585K [0x000000008c600000, 0x0000000100000000)
  region size 1024K, 13 young (13312K), 13 survivors (13312K)
 Metaspace       used 45975K, capacity 47045K, committed 47616K, reserved 1091584K
  class space    used 5880K, capacity 6309K, committed 6400K, reserved 1048576K
}
Event: 9,141 GC heap before
{Heap before GC invocations=15 (full 0):
 garbage-first heap   total 200704K, used 134057K [0x000000008c600000, 0x0000000100000000)
  region size 1024K, 117 young (119808K), 13 survivors (13312K)
 Metaspace       used 52969K, capacity 54096K, committed 54400K, reserved 1095680K
  class space    used 6850K, capacity 7275K, committed 7296K, reserved 1048576K
}
Event: 9,165 GC heap after
{Heap after GC invocations=16 (full 0):
 garbage-first heap   total 242688K, used 32744K [0x000000008c600000, 0x0000000100000000)
  region size 1024K, 12 young (12288K), 12 survivors (12288K)
 Metaspace       used 52969K, capacity 54096K, committed 54400K, reserved 1095680K
  class space    used 6850K, capacity 7275K, committed 7296K, reserved 1048576K
}
Event: 10,389 GC heap before
{Heap before GC invocations=16 (full 0):
 garbage-first heap   total 242688K, used 158696K [0x000000008c600000, 0x0000000100000000)
  region size 1024K, 135 young (138240K), 12 survivors (12288K)
 Metaspace       used 55334K, capacity 56475K, committed 56960K, reserved 1099776K
  class space    used 7050K, capacity 7508K, committed 7552K, reserved 1048576K
}
Event: 10,416 GC heap after
{Heap after GC invocations=17 (full 0):
 garbage-first heap   total 242688K, used 36989K [0x000000008c600000, 0x0000000100000000)
  region size 1024K, 9 young (9216K), 9 survivors (9216K)
 Metaspace       used 55334K, capacity 56475K, committed 56960K, reserved 1099776K
  class space    used 7050K, capacity 7508K, committed 7552K, reserved 1048576K
}
Event: 41,357 GC heap before
{Heap before GC invocations=17 (full 0):
 garbage-first heap   total 242688K, used 171133K [0x000000008c600000, 0x0000000100000000)
  region size 1024K, 140 young (143360K), 9 survivors (9216K)
 Metaspace       used 60874K, capacity 62319K, committed 62592K, reserved 1103872K
  class space    used 7709K, capacity 8271K, committed 8320K, reserved 1048576K
}
Event: 41,385 GC heap after
{Heap after GC invocations=18 (full 0):
 garbage-first heap   total 242688K, used 43653K [0x000000008c600000, 0x0000000100000000)
  region size 1024K, 15 young (15360K), 15 survivors (15360K)
 Metaspace       used 60874K, capacity 62319K, committed 62592K, reserved 1103872K
  class space    used 7709K, capacity 8271K, committed 8320K, reserved 1048576K
}
Event: 42,356 GC heap before
{Heap before GC invocations=18 (full 0):
 garbage-first heap   total 242688K, used 173701K [0x000000008c600000, 0x0000000100000000)
  region size 1024K, 142 young (145408K), 15 survivors (15360K)
 Metaspace       used 62862K, capacity 64394K, committed 64512K, reserved 1105920K
  class space    used 7850K, capacity 8403K, committed 8448K, reserved 1048576K
}
Event: 42,393 GC heap after
{Heap after GC invocations=19 (full 0):
 garbage-first heap   total 242688K, used 48060K [0x000000008c600000, 0x0000000100000000)
  region size 1024K, 12 young (12288K), 12 survivors (12288K)
 Metaspace       used 62862K, capacity 64394K, committed 64512K, reserved 1105920K
  class space    used 7850K, capacity 8403K, committed 8448K, reserved 1048576K
}
Event: 43,130 GC heap before
{Heap before GC invocations=19 (full 0):
 garbage-first heap   total 242688K, used 181180K [0x000000008c600000, 0x0000000100000000)
  region size 1024K, 142 young (145408K), 12 survivors (12288K)
 Metaspace       used 63950K, capacity 65459K, committed 65664K, reserved 1105920K
  class space    used 7903K, capacity 8472K, committed 8576K, reserved 1048576K
}
Event: 43,155 GC heap after
{Heap after GC invocations=20 (full 0):
 garbage-first heap   total 242688K, used 53014K [0x000000008c600000, 0x0000000100000000)
  region size 1024K, 10 young (10240K), 10 survivors (10240K)
 Metaspace       used 63950K, capacity 65459K, committed 65664K, reserved 1105920K
  class space    used 7903K, capacity 8472K, committed 8576K, reserved 1048576K
}
Event: 44,587 GC heap before
{Heap before GC invocations=20 (full 0):
 garbage-first heap   total 242688K, used 188182K [0x000000008c600000, 0x0000000100000000)
  region size 1024K, 142 young (145408K), 10 survivors (10240K)
 Metaspace       used 69384K, capacity 71061K, committed 71296K, reserved 1112064K
  class space    used 8596K, capacity 9252K, committed 9344K, reserved 1048576K
}
Event: 44,607 GC heap after
{Heap after GC invocations=21 (full 0):
 garbage-first heap   total 242688K, used 55480K [0x000000008c600000, 0x0000000100000000)
  region size 1024K, 12 young (12288K), 12 survivors (12288K)
 Metaspace       used 69384K, capacity 71061K, committed 71296K, reserved 1112064K
  class space    used 8596K, capacity 9252K, committed 9344K, reserved 1048576K
}
Event: 1397,539 GC heap before
{Heap before GC invocations=21 (full 0):
 garbage-first heap   total 242688K, used 187576K [0x000000008c600000, 0x0000000100000000)
  region size 1024K, 142 young (145408K), 12 survivors (12288K)
 Metaspace       used 75007K, capacity 76810K, committed 76928K, reserved 1116160K
  class space    used 9166K, capacity 9847K, committed 9856K, reserved 1048576K
}
Event: 1397,579 GC heap after
{Heap after GC invocations=22 (full 0):
 garbage-first heap   total 242688K, used 60579K [0x000000008c600000, 0x0000000100000000)
  region size 1024K, 13 young (13312K), 13 survivors (13312K)
 Metaspace       used 75007K, capacity 76810K, committed 76928K, reserved 1116160K
  class space    used 9166K, capacity 9847K, committed 9856K, reserved 1048576K
}

