# JRE version: OpenJDK Runtime Environment JBR-11.0.11.9-1504.13-jcef (11.0.11+9) (build 11.0.11+9-b1504.13)
# Java VM: OpenJDK 64-Bit Server VM JBR-11.0.11.9-1504.13-jcef (11.0.11+9-b1504.13, mixed mode, tiered, compressed oops, g1 gc, windows-amd64)
Heap:
 garbage-first heap   total 312320K, used 213387K [0x0000000702200000, 0x0000000800000000)
  region size 1024K, 151 young (154624K), 7 survivors (7168K)
 Metaspace       used 81972K, capacity 84018K, committed 84220K, reserved 1122304K
  class space    used 9591K, capacity 10369K, committed 10496K, reserved 1048576K
GC Heap History (20 events):
Event: 3.063 GC heap before
{Heap before GC invocations=4 (full 0):
 garbage-first heap   total 260096K, used 147481K [0x0000000702200000, 0x0000000800000000)
  region size 1024K, 136 young (139264K), 3 survivors (3072K)
 Metaspace       used 29290K, capacity 29919K, committed 30076K, reserved 1075200K
  class space    used 3382K, capacity 3635K, committed 3712K, reserved 1048576K
}
Event: 3.069 GC heap after
{Heap after GC invocations=5 (full 0):
 garbage-first heap   total 260096K, used 16571K [0x0000000702200000, 0x0000000800000000)
  region size 1024K, 7 young (7168K), 7 survivors (7168K)
 Metaspace       used 29290K, capacity 29919K, committed 30076K, reserved 1075200K
  class space    used 3382K, capacity 3635K, committed 3712K, reserved 1048576K
}
Event: 4.032 GC heap before
{Heap before GC invocations=5 (full 0):
 garbage-first heap   total 260096K, used 95419K [0x0000000702200000, 0x0000000800000000)
  region size 1024K, 85 young (87040K), 7 survivors (7168K)
 Metaspace       used 35122K, capacity 35872K, committed 35964K, reserved 1081344K
  class space    used 4101K, capacity 4423K, committed 4480K, reserved 1048576K
}
Event: 4.043 GC heap after
{Heap after GC invocations=6 (full 0):
 garbage-first heap   total 260096K, used 20139K [0x0000000702200000, 0x0000000800000000)
  region size 1024K, 11 young (11264K), 11 survivors (11264K)
 Metaspace       used 35122K, capacity 35872K, committed 35964K, reserved 1081344K
  class space    used 4101K, capacity 4423K, committed 4480K, reserved 1048576K
}
Event: 6.661 GC heap before
{Heap before GC invocations=7 (full 0):
 garbage-first heap   total 260096K, used 164523K [0x0000000702200000, 0x0000000800000000)
  region size 1024K, 152 young (155648K), 11 survivors (11264K)
 Metaspace       used 49228K, capacity 50284K, committed 50300K, reserved 1093632K
  class space    used 6097K, capacity 6515K, committed 6528K, reserved 1048576K
}
Event: 6.676 GC heap after
{Heap after GC invocations=8 (full 0):
 garbage-first heap   total 260096K, used 24920K [0x0000000702200000, 0x0000000800000000)
  region size 1024K, 14 young (14336K), 14 survivors (14336K)
 Metaspace       used 49228K, capacity 50284K, committed 50300K, reserved 1093632K
  class space    used 6097K, capacity 6515K, committed 6528K, reserved 1048576K
}
Event: 8.218 GC heap before
{Heap before GC invocations=8 (full 0):
 garbage-first heap   total 260096K, used 166232K [0x0000000702200000, 0x0000000800000000)
  region size 1024K, 152 young (155648K), 14 survivors (14336K)
 Metaspace       used 57537K, capacity 58727K, committed 58876K, reserved 1099776K
  class space    used 7156K, capacity 7619K, committed 7680K, reserved 1048576K
}
Event: 8.230 GC heap after
{Heap after GC invocations=9 (full 0):
 garbage-first heap   total 260096K, used 30190K [0x0000000702200000, 0x0000000800000000)
  region size 1024K, 14 young (14336K), 14 survivors (14336K)
 Metaspace       used 57537K, capacity 58727K, committed 58876K, reserved 1099776K
  class space    used 7156K, capacity 7619K, committed 7680K, reserved 1048576K
}
Event: 8.643 GC heap before
{Heap before GC invocations=9 (full 0):
 garbage-first heap   total 260096K, used 132590K [0x0000000702200000, 0x0000000800000000)
  region size 1024K, 115 young (117760K), 14 survivors (14336K)
 Metaspace       used 59159K, capacity 60246K, committed 60284K, reserved 1101824K
  class space    used 7335K, capacity 7783K, committed 7808K, reserved 1048576K
}
Event: 8.681 GC heap after
{Heap after GC invocations=10 (full 0):
 garbage-first heap   total 312320K, used 38668K [0x0000000702200000, 0x0000000800000000)
  region size 1024K, 14 young (14336K), 14 survivors (14336K)
 Metaspace       used 59159K, capacity 60246K, committed 60284K, reserved 1101824K
  class space    used 7335K, capacity 7783K, committed 7808K, reserved 1048576K
}
Event: 11.605 GC heap before
{Heap before GC invocations=11 (full 0):
 garbage-first heap   total 312320K, used 211724K [0x0000000702200000, 0x0000000800000000)
  region size 1024K, 183 young (187392K), 14 survivors (14336K)
 Metaspace       used 66179K, capacity 67643K, committed 67836K, reserved 1107968K
  class space    used 8129K, capacity 8701K, committed 8704K, reserved 1048576K
}
Event: 11.631 GC heap after
{Heap after GC invocations=12 (full 0):
 garbage-first heap   total 312320K, used 46600K [0x0000000702200000, 0x0000000800000000)
  region size 1024K, 16 young (16384K), 16 survivors (16384K)
 Metaspace       used 66179K, capacity 67643K, committed 67836K, reserved 1107968K
  class space    used 8129K, capacity 8701K, committed 8704K, reserved 1048576K
}
Event: 12.293 GC heap before
{Heap before GC invocations=13 (full 0):
 garbage-first heap   total 312320K, used 217608K [0x0000000702200000, 0x0000000800000000)
  region size 1024K, 183 young (187392K), 16 survivors (16384K)
 Metaspace       used 67475K, capacity 69022K, committed 69244K, reserved 1110016K
  class space    used 8192K, capacity 8768K, committed 8832K, reserved 1048576K
}
Event: 12.308 GC heap after
{Heap after GC invocations=14 (full 0):
 garbage-first heap   total 312320K, used 53254K [0x0000000702200000, 0x0000000800000000)
  region size 1024K, 15 young (15360K), 15 survivors (15360K)
 Metaspace       used 67475K, capacity 69022K, committed 69244K, reserved 1110016K
  class space    used 8192K, capacity 8768K, committed 8832K, reserved 1048576K
}
Event: 69.927 GC heap before
{Heap before GC invocations=14 (full 0):
 garbage-first heap   total 312320K, used 225286K [0x0000000702200000, 0x0000000800000000)
  region size 1024K, 183 young (187392K), 15 survivors (15360K)
 Metaspace       used 78160K, capacity 80043K, committed 80124K, reserved 1120256K
  class space    used 9473K, capacity 10183K, committed 10240K, reserved 1048576K
}
Event: 69.944 GC heap after
{Heap after GC invocations=15 (full 0):
 garbage-first heap   total 312320K, used 60416K [0x0000000702200000, 0x0000000800000000)
  region size 1024K, 15 young (15360K), 15 survivors (15360K)
 Metaspace       used 78160K, capacity 80043K, committed 80124K, reserved 1120256K
  class space    used 9473K, capacity 10183K, committed 10240K, reserved 1048576K
}
Event: 3492.603 GC heap before
{Heap before GC invocations=15 (full 0):
 garbage-first heap   total 312320K, used 232448K [0x0000000702200000, 0x0000000800000000)
  region size 1024K, 183 young (187392K), 15 survivors (15360K)
 Metaspace       used 81121K, capacity 83147K, committed 83324K, reserved 1122304K
  class space    used 9587K, capacity 10367K, committed 10368K, reserved 1048576K
}
Event: 3492.630 GC heap after
{Heap after GC invocations=16 (full 0):
 garbage-first heap   total 312320K, used 63652K [0x0000000702200000, 0x0000000800000000)
  region size 1024K, 13 young (13312K), 13 survivors (13312K)
 Metaspace       used 81121K, capacity 83147K, committed 83324K, reserved 1122304K
  class space    used 9587K, capacity 10367K, committed 10368K, reserved 1048576K
}
Event: 10543.662 GC heap before
{Heap before GC invocations=16 (full 0):
 garbage-first heap   total 312320K, used 237732K [0x0000000702200000, 0x0000000800000000)
  region size 1024K, 183 young (187392K), 13 survivors (13312K)
 Metaspace       used 81767K, capacity 83806K, committed 83964K, reserved 1122304K
  class space    used 9591K, capacity 10369K, committed 10496K, reserved 1048576K
}
Event: 10543.702 GC heap after
{Heap after GC invocations=17 (full 0):
 garbage-first heap   total 312320K, used 66955K [0x0000000702200000, 0x0000000800000000)
  region size 1024K, 7 young (7168K), 7 survivors (7168K)
 Metaspace       used 81767K, capacity 83806K, committed 83964K, reserved 1122304K
  class space    used 9591K, capacity 10369K, committed 10496K, reserved 1048576K
}

